<?xml version="1.0" encoding="UTF-8"?>
<testng-results skipped="0" failed="0" ignored="0" total="1" passed="1">
  <reporter-output>
  </reporter-output>
  <suite name="Default suite" duration-ms="27301" started-at="2019-11-28T20:22:13 IST" finished-at="2019-11-28T20:22:40 IST">
    <groups>
    </groups>
    <test name="Default test" duration-ms="27301" started-at="2019-11-28T20:22:13 IST" finished-at="2019-11-28T20:22:40 IST">
      <class name="com.training.sanity.tests.ELTC_014_TC003_DisplayCourseDescription">
        <test-method status="PASS" signature="setUpBeforeClass()[pri:0, instance:com.training.sanity.tests.ELTC_014_TC003_DisplayCourseDescription@467aecef]" name="setUpBeforeClass" is-config="true" duration-ms="16" started-at="2019-11-28T20:22:13 IST" finished-at="2019-11-28T20:22:13 IST">
          <reporter-output>
          </reporter-output>
        </test-method> <!-- setUpBeforeClass -->
        <test-method status="PASS" signature="setUp()[pri:0, instance:com.training.sanity.tests.ELTC_014_TC003_DisplayCourseDescription@467aecef]" name="setUp" is-config="true" duration-ms="16864" started-at="2019-11-28T20:22:13 IST" finished-at="2019-11-28T20:22:30 IST">
          <reporter-output>
          </reporter-output>
        </test-method> <!-- setUp -->
        <test-method status="PASS" signature="validLoginTest()[pri:0, instance:com.training.sanity.tests.ELTC_014_TC003_DisplayCourseDescription@467aecef]" name="validLoginTest" duration-ms="9400" started-at="2019-11-28T20:22:30 IST" finished-at="2019-11-28T20:22:39 IST">
          <reporter-output>
          </reporter-output>
        </test-method> <!-- validLoginTest -->
        <test-method status="PASS" signature="tearDown()[pri:0, instance:com.training.sanity.tests.ELTC_014_TC003_DisplayCourseDescription@467aecef]" name="tearDown" is-config="true" duration-ms="1004" started-at="2019-11-28T20:22:39 IST" finished-at="2019-11-28T20:22:40 IST">
          <reporter-output>
          </reporter-output>
        </test-method> <!-- tearDown -->
      </class> <!-- com.training.sanity.tests.ELTC_014_TC003_DisplayCourseDescription -->
    </test> <!-- Default test -->
  </suite> <!-- Default suite -->
</testng-results>
